2025-12-04 16:06:48,567 - INFO - ============================================================
2025-12-04 16:06:48,567 - INFO - Starting Robo-Advisor Data Refresh (Phase 3)
2025-12-04 16:06:48,568 - INFO - ============================================================
2025-12-04 16:06:48,572 - INFO - Loaded 40 funds from metadata
2025-12-04 16:06:48,572 - INFO - Fetching fresh NAV data from MFAPI...
2025-12-04 16:06:48,573 - INFO - Processing HDFC Liquid Fund - Direct Plan - Growth...
2025-12-04 16:06:48,573 - INFO - Fetching NAV for scheme 118825...
2025-12-04 16:06:49,430 - INFO - Processing Nippon India Liquid Fund - Direct Plan - Growth...
2025-12-04 16:06:49,431 - INFO - Fetching NAV for scheme 120516...
2025-12-04 16:06:50,123 - INFO - Processing ICICI Prudential Liquid Fund - Direct Plan - Growth...
2025-12-04 16:06:50,124 - INFO - Fetching NAV for scheme 120505...
2025-12-04 16:06:50,858 - INFO - Processing Axis Liquid Fund - Direct Plan - Growth...
2025-12-04 16:06:50,858 - INFO - Fetching NAV for scheme 119596...
2025-12-04 16:06:51,551 - INFO - Processing Aditya Birla Sun Life Liquid Fund - Direct Plan - Growth...
2025-12-04 16:06:51,552 - INFO - Fetching NAV for scheme 118777...
2025-12-04 16:06:52,246 - INFO - Processing Axis Treasury Advantage Fund - Direct Plan - Growth...
2025-12-04 16:06:52,247 - INFO - Fetching NAV for scheme 119598...
2025-12-04 16:06:52,954 - INFO - Processing HDFC Ultra Short Term Fund - Direct Plan - Growth...
2025-12-04 16:06:52,955 - INFO - Fetching NAV for scheme 118834...
2025-12-04 16:06:53,652 - INFO - Processing ICICI Prudential Ultra Short Term Fund - Direct Plan - Growth...
2025-12-04 16:06:53,653 - INFO - Fetching NAV for scheme 120506...
2025-12-04 16:06:54,325 - INFO - Processing Aditya Birla Sun Life Short Term Fund - Direct Plan - Growth...
2025-12-04 16:06:54,326 - INFO - Fetching NAV for scheme 118781...
2025-12-04 16:06:55,070 - INFO - Processing HDFC Short Term Debt Fund - Direct Plan - Growth...
2025-12-04 16:06:55,070 - INFO - Fetching NAV for scheme 118835...
2025-12-04 16:06:55,754 - INFO - Processing Bandhan Bond Fund Short Term Plan - Direct Growth...
2025-12-04 16:06:55,755 - INFO - Fetching NAV for scheme 118407...
2025-12-04 16:06:56,449 - INFO - Processing SBI Banking & PSU Fund - Direct Plan - Growth...
2025-12-04 16:06:56,449 - INFO - Fetching NAV for scheme 125503...
2025-12-04 16:06:57,234 - INFO - Processing Bandhan Low Duration Fund Direct Growth...
2025-12-04 16:06:57,234 - INFO - Fetching NAV for scheme 118371...
2025-12-04 16:06:58,050 - INFO - Processing Nippon India Low Duration Fund - Direct Plan - Growth...
2025-12-04 16:06:58,051 - INFO - Fetching NAV for scheme 120522...
2025-12-04 16:06:58,734 - INFO - Processing ICICI Prudential Gilt Fund - Direct Plan - Growth...
2025-12-04 16:06:58,734 - INFO - Fetching NAV for scheme 120507...
2025-12-04 16:06:59,426 - INFO - Processing SBI Magnum Gilt Fund - Direct Plan - Growth...
2025-12-04 16:06:59,427 - INFO - Fetching NAV for scheme 119177...
2025-12-04 16:07:00,105 - INFO - Processing Axis Gilt Fund - Direct Plan - Growth...
2025-12-04 16:07:00,106 - INFO - Fetching NAV for scheme 120447...
2025-12-04 16:07:00,790 - INFO - Processing SBI Conservative Hybrid Fund - Direct Plan - Growth...
2025-12-04 16:07:00,790 - INFO - Fetching NAV for scheme 118493...
2025-12-04 16:07:01,489 - INFO - Processing ICICI Prudential Regular Savings Fund - Direct Plan - Growth...
2025-12-04 16:07:01,489 - INFO - Fetching NAV for scheme 120509...
2025-12-04 16:07:02,178 - INFO - Processing HDFC Balanced Advantage Fund - Direct Plan - Growth...
2025-12-04 16:07:02,178 - INFO - Fetching NAV for scheme 118968...
2025-12-04 16:07:02,874 - INFO - Processing ICICI Prudential Balanced Advantage Fund - Direct Plan - Growth...
2025-12-04 16:07:02,874 - INFO - Fetching NAV for scheme 120511...
2025-12-04 16:07:03,562 - INFO - Processing Nippon India Balanced Advantage Fund - Direct Plan - Growth...
2025-12-04 16:07:03,562 - INFO - Fetching NAV for scheme 120538...
2025-12-04 16:07:04,245 - INFO - Processing Axis Dynamic Equity Fund - Direct Plan - Growth...
2025-12-04 16:07:04,245 - INFO - Fetching NAV for scheme 120478...
2025-12-04 16:07:04,949 - INFO - Processing ICICI Prudential Equity & Debt Fund - Direct Plan - Growth...
2025-12-04 16:07:04,950 - INFO - Fetching NAV for scheme 120510...
2025-12-04 16:07:05,679 - INFO - Processing Canara Robeco Equity Hybrid Fund - Direct Plan - Growth...
2025-12-04 16:07:05,680 - INFO - Fetching NAV for scheme 118272...
2025-12-04 16:07:06,371 - INFO - Processing HDFC Top 100 Fund - Direct Plan - Growth...
2025-12-04 16:07:06,372 - INFO - Fetching NAV for scheme 125497...
2025-12-04 16:07:07,064 - INFO - Processing ICICI Prudential Bluechip Fund - Direct Plan - Growth...
2025-12-04 16:07:07,064 - INFO - Fetching NAV for scheme 120503...
2025-12-04 16:07:07,738 - INFO - Processing Mirae Asset Large Cap Fund - Direct Plan - Growth...
2025-12-04 16:07:07,739 - INFO - Fetching NAV for scheme 125494...
2025-12-04 16:07:08,480 - INFO - Processing Axis Bluechip Fund - Direct Plan - Growth...
2025-12-04 16:07:08,480 - INFO - Fetching NAV for scheme 120716...
2025-12-04 16:07:09,161 - INFO - Processing Nippon India Large Cap Fund - Direct Plan - Growth...
2025-12-04 16:07:09,162 - INFO - Fetching NAV for scheme 118632...
2025-12-04 16:07:09,899 - INFO - Processing Parag Parikh Flexi Cap Fund - Direct Plan - Growth...
2025-12-04 16:07:09,899 - INFO - Fetching NAV for scheme 122639...
2025-12-04 16:07:10,757 - INFO - Processing HDFC Flexi Cap Fund - Direct Plan - Growth...
2025-12-04 16:07:10,757 - INFO - Fetching NAV for scheme 118989...
2025-12-04 16:07:11,646 - INFO - Processing UTI Flexi Cap Fund - Direct Plan - Growth...
2025-12-04 16:07:11,647 - INFO - Fetching NAV for scheme 125498...
2025-12-04 16:07:12,354 - INFO - Processing HDFC Mid-Cap Opportunities Fund - Direct Plan - Growth...
2025-12-04 16:07:12,355 - INFO - Fetching NAV for scheme 119597...
2025-12-04 16:07:13,071 - INFO - Processing Kotak Emerging Equity Fund - Direct Plan - Growth...
2025-12-04 16:07:13,072 - INFO - Fetching NAV for scheme 120475...
2025-12-04 16:07:13,930 - INFO - Processing Nippon India Growth Fund - Direct Plan - Growth...
2025-12-04 16:07:13,930 - INFO - Fetching NAV for scheme 118749...
2025-12-04 16:07:14,637 - INFO - Processing Nippon India Small Cap Fund - Direct Plan - Growth...
2025-12-04 16:07:14,637 - INFO - Fetching NAV for scheme 118778...
2025-12-04 16:07:15,321 - INFO - Processing Quant Small Cap Fund - Direct Plan - Growth...
2025-12-04 16:07:15,322 - INFO - Fetching NAV for scheme 120752...
2025-12-04 16:07:16,004 - INFO - Processing SBI Small Cap Fund - Direct Plan - Growth...
2025-12-04 16:07:16,004 - INFO - Fetching NAV for scheme 119550...
2025-12-04 16:07:16,830 - INFO - Processing Kotak Small Cap Fund - Direct Plan - Growth...
2025-12-04 16:07:16,830 - INFO - Fetching NAV for scheme 120836...
2025-12-04 16:07:17,572 - INFO - Successfully fetched data for 40 funds
2025-12-04 16:07:17,572 - INFO - Generating: Low Risk / < 6 months
2025-12-04 16:07:17,580 - INFO - Generating: Low Risk / 6 months to 1 year
2025-12-04 16:07:17,582 - INFO - Generating: Low Risk / > 1 year
2025-12-04 16:07:17,584 - INFO - Generating: Moderate Risk / < 6 months
2025-12-04 16:07:17,586 - INFO - Generating: Moderate Risk / 6 months to 1 year
2025-12-04 16:07:17,588 - INFO - Generating: Moderate Risk / > 1 year
2025-12-04 16:07:17,590 - INFO - Generating: Medium Risk / < 6 months
2025-12-04 16:07:17,591 - INFO - Generating: Medium Risk / 6 months to 1 year
2025-12-04 16:07:17,593 - INFO - Generating: Medium Risk / > 1 year
2025-12-04 16:07:17,595 - INFO - Generating: High Risk / < 6 months
2025-12-04 16:07:17,596 - INFO - Generating: High Risk / 6 months to 1 year
2025-12-04 16:07:17,597 - INFO - Generating: High Risk / > 1 year
2025-12-04 16:07:17,602 - INFO - ✅ CSV generated: ./funds_2025_12_04.csv
2025-12-04 16:07:17,603 - INFO - ✅ Main CSV updated: ./funds.csv
2025-12-04 16:07:17,603 - INFO - ============================================================
2025-12-04 16:07:17,603 - INFO - ✅ Phase 3 Data refresh completed successfully!
2025-12-04 16:07:17,603 - INFO - ============================================================
2025-12-04 16:26:50,157 - INFO - ============================================================
2025-12-04 16:26:50,157 - INFO - Starting Robo-Advisor Data Refresh (Phase 3)
2025-12-04 16:26:50,157 - INFO - ============================================================
2025-12-04 16:26:50,160 - INFO - Loaded 40 funds from metadata
2025-12-04 16:26:50,160 - INFO - Fetching fresh NAV data from MFAPI...
2025-12-04 16:26:50,161 - INFO - Processing HDFC Liquid Fund - Direct Plan - Growth...
2025-12-04 16:26:50,161 - INFO - Fetching NAV for scheme 118825...
2025-12-04 16:26:51,413 - INFO - Processing Nippon India Liquid Fund - Direct Plan - Growth...
2025-12-04 16:26:51,413 - INFO - Fetching NAV for scheme 120516...
2025-12-04 16:26:52,405 - INFO - Processing ICICI Prudential Liquid Fund - Direct Plan - Growth...
2025-12-04 16:26:52,406 - INFO - Fetching NAV for scheme 120505...
2025-12-04 16:26:53,127 - INFO - Processing Axis Liquid Fund - Direct Plan - Growth...
2025-12-04 16:26:53,127 - INFO - Fetching NAV for scheme 119596...
2025-12-04 16:26:54,039 - INFO - Processing Aditya Birla Sun Life Liquid Fund - Direct Plan - Growth...
2025-12-04 16:26:54,040 - INFO - Fetching NAV for scheme 118777...
2025-12-04 16:26:54,760 - INFO - Processing Axis Treasury Advantage Fund - Direct Plan - Growth...
2025-12-04 16:26:54,760 - INFO - Fetching NAV for scheme 119598...
2025-12-04 16:26:55,525 - INFO - Processing HDFC Ultra Short Term Fund - Direct Plan - Growth...
2025-12-04 16:26:55,526 - INFO - Fetching NAV for scheme 118834...
2025-12-04 16:26:56,215 - INFO - Processing ICICI Prudential Ultra Short Term Fund - Direct Plan - Growth...
2025-12-04 16:26:56,216 - INFO - Fetching NAV for scheme 120506...
2025-12-04 16:26:56,726 - WARNING - Fund volatility 2814.93% exceeds threshold. Using category volatility 3.5% instead.
2025-12-04 16:26:57,228 - INFO - Processing Aditya Birla Sun Life Short Term Fund - Direct Plan - Growth...
2025-12-04 16:26:57,228 - INFO - Fetching NAV for scheme 118781...
2025-12-04 16:26:58,040 - INFO - Processing HDFC Short Term Debt Fund - Direct Plan - Growth...
2025-12-04 16:26:58,041 - INFO - Fetching NAV for scheme 118835...
2025-12-04 16:26:58,757 - INFO - Processing Bandhan Bond Fund Short Term Plan - Direct Growth...
2025-12-04 16:26:58,758 - INFO - Fetching NAV for scheme 118407...
2025-12-04 16:26:59,436 - INFO - Processing SBI Banking & PSU Fund - Direct Plan - Growth...
2025-12-04 16:26:59,437 - INFO - Fetching NAV for scheme 125503...
2025-12-04 16:27:00,193 - INFO - Processing Bandhan Low Duration Fund Direct Growth...
2025-12-04 16:27:00,193 - INFO - Fetching NAV for scheme 118371...
2025-12-04 16:27:00,887 - INFO - Processing Nippon India Low Duration Fund - Direct Plan - Growth...
2025-12-04 16:27:00,887 - INFO - Fetching NAV for scheme 120522...
2025-12-04 16:27:01,062 - WARNING - Fund volatility 2920.92% exceeds threshold. Using category volatility 5.5% instead.
2025-12-04 16:27:01,567 - INFO - Processing ICICI Prudential Gilt Fund - Direct Plan - Growth...
2025-12-04 16:27:01,568 - INFO - Fetching NAV for scheme 120507...
2025-12-04 16:27:01,799 - WARNING - Fund volatility 2817.69% exceeds threshold. Using category volatility 3.5% instead.
2025-12-04 16:27:02,300 - INFO - Processing SBI Magnum Gilt Fund - Direct Plan - Growth...
2025-12-04 16:27:02,300 - INFO - Fetching NAV for scheme 119177...
2025-12-04 16:27:03,048 - INFO - Processing Axis Gilt Fund - Direct Plan - Growth...
2025-12-04 16:27:03,048 - INFO - Fetching NAV for scheme 120447...
2025-12-04 16:27:03,974 - INFO - Processing SBI Conservative Hybrid Fund - Direct Plan - Growth...
2025-12-04 16:27:03,974 - INFO - Fetching NAV for scheme 118493...
2025-12-04 16:27:04,688 - INFO - Processing ICICI Prudential Regular Savings Fund - Direct Plan - Growth...
2025-12-04 16:27:04,689 - INFO - Fetching NAV for scheme 120509...
2025-12-04 16:27:04,965 - WARNING - Fund volatility 2817.69% exceeds threshold. Using category volatility 5.5% instead.
2025-12-04 16:27:05,467 - INFO - Processing HDFC Balanced Advantage Fund - Direct Plan - Growth...
2025-12-04 16:27:05,468 - INFO - Fetching NAV for scheme 118968...
2025-12-04 16:27:06,141 - INFO - Processing ICICI Prudential Balanced Advantage Fund - Direct Plan - Growth...
2025-12-04 16:27:06,142 - INFO - Fetching NAV for scheme 120511...
2025-12-04 16:27:06,834 - INFO - Processing Nippon India Balanced Advantage Fund - Direct Plan - Growth...
2025-12-04 16:27:06,834 - INFO - Fetching NAV for scheme 120538...
2025-12-04 16:27:07,527 - INFO - Processing Axis Dynamic Equity Fund - Direct Plan - Growth...
2025-12-04 16:27:07,527 - INFO - Fetching NAV for scheme 120478...
2025-12-04 16:27:08,247 - INFO - Processing ICICI Prudential Equity & Debt Fund - Direct Plan - Growth...
2025-12-04 16:27:08,247 - INFO - Fetching NAV for scheme 120510...
2025-12-04 16:27:08,917 - INFO - Processing Canara Robeco Equity Hybrid Fund - Direct Plan - Growth...
2025-12-04 16:27:08,918 - INFO - Fetching NAV for scheme 118272...
2025-12-04 16:27:09,601 - INFO - Processing HDFC Top 100 Fund - Direct Plan - Growth...
2025-12-04 16:27:09,601 - INFO - Fetching NAV for scheme 125497...
2025-12-04 16:27:10,284 - INFO - Processing ICICI Prudential Bluechip Fund - Direct Plan - Growth...
2025-12-04 16:27:10,285 - INFO - Fetching NAV for scheme 120503...
2025-12-04 16:27:11,084 - INFO - Processing Mirae Asset Large Cap Fund - Direct Plan - Growth...
2025-12-04 16:27:11,084 - INFO - Fetching NAV for scheme 125494...
2025-12-04 16:27:11,772 - INFO - Processing Axis Bluechip Fund - Direct Plan - Growth...
2025-12-04 16:27:11,773 - INFO - Fetching NAV for scheme 120716...
2025-12-04 16:27:12,476 - INFO - Processing Nippon India Large Cap Fund - Direct Plan - Growth...
2025-12-04 16:27:12,477 - INFO - Fetching NAV for scheme 118632...
2025-12-04 16:27:13,395 - INFO - Processing Parag Parikh Flexi Cap Fund - Direct Plan - Growth...
2025-12-04 16:27:13,395 - INFO - Fetching NAV for scheme 122639...
2025-12-04 16:27:14,067 - INFO - Processing HDFC Flexi Cap Fund - Direct Plan - Growth...
2025-12-04 16:27:14,068 - INFO - Fetching NAV for scheme 118989...
2025-12-04 16:27:14,749 - INFO - Processing UTI Flexi Cap Fund - Direct Plan - Growth...
2025-12-04 16:27:14,749 - INFO - Fetching NAV for scheme 125498...
2025-12-04 16:27:15,509 - INFO - Processing HDFC Mid-Cap Opportunities Fund - Direct Plan - Growth...
2025-12-04 16:27:15,510 - INFO - Fetching NAV for scheme 119597...
2025-12-04 16:27:16,361 - INFO - Processing Kotak Emerging Equity Fund - Direct Plan - Growth...
2025-12-04 16:27:16,361 - INFO - Fetching NAV for scheme 120475...
2025-12-04 16:27:17,049 - INFO - Processing Nippon India Growth Fund - Direct Plan - Growth...
2025-12-04 16:27:17,049 - INFO - Fetching NAV for scheme 118749...
2025-12-04 16:27:17,733 - INFO - Processing Nippon India Small Cap Fund - Direct Plan - Growth...
2025-12-04 16:27:17,733 - INFO - Fetching NAV for scheme 118778...
2025-12-04 16:27:18,407 - INFO - Processing Quant Small Cap Fund - Direct Plan - Growth...
2025-12-04 16:27:18,407 - INFO - Fetching NAV for scheme 120752...
2025-12-04 16:27:19,201 - INFO - Processing SBI Small Cap Fund - Direct Plan - Growth...
2025-12-04 16:27:19,202 - INFO - Fetching NAV for scheme 119550...
2025-12-04 16:27:19,882 - INFO - Processing Kotak Small Cap Fund - Direct Plan - Growth...
2025-12-04 16:27:19,882 - INFO - Fetching NAV for scheme 120836...
2025-12-04 16:27:20,642 - INFO - Successfully fetched data for 40 funds
2025-12-04 16:27:20,642 - INFO - Generating: Low Risk / < 6 months
2025-12-04 16:27:20,648 - INFO - Generating: Low Risk / 6 months to 1 year
2025-12-04 16:27:20,652 - INFO - Generating: Low Risk / > 1 year
2025-12-04 16:27:20,654 - INFO - Generating: Moderate Risk / < 6 months
2025-12-04 16:27:20,656 - INFO - Generating: Moderate Risk / 6 months to 1 year
2025-12-04 16:27:20,658 - INFO - Generating: Moderate Risk / > 1 year
2025-12-04 16:27:20,660 - INFO - Generating: Medium Risk / < 6 months
2025-12-04 16:27:20,662 - INFO - Generating: Medium Risk / 6 months to 1 year
2025-12-04 16:27:20,664 - INFO - Generating: Medium Risk / > 1 year
2025-12-04 16:27:20,666 - INFO - Generating: High Risk / < 6 months
2025-12-04 16:27:20,666 - INFO - Generating: High Risk / 6 months to 1 year
2025-12-04 16:27:20,668 - INFO - Generating: High Risk / > 1 year
2025-12-04 16:27:20,673 - INFO - ✅ CSV generated: ./funds_2025_12_04.csv
2025-12-04 16:27:20,673 - INFO - ✅ Main CSV updated: ./funds.csv
2025-12-04 16:27:20,673 - INFO - ============================================================
2025-12-04 16:27:20,673 - INFO - ✅ Phase 3 Data refresh completed successfully!
2025-12-04 16:27:20,673 - INFO - ============================================================
